<?xml version="1.0" encoding="UTF-8"?>
<robot generator="Robot 6.0.1 (Python 3.11.0 on win32)" generated="20221230 17:26:39.576" rpa="false" schemaversion="3">
<suite id="s1" name="STA chrome" source="e:\qa\CALCULADORA\TestSuit\web\STA_chrome.robot">
<test id="s1-t1" name="Consulta Google" line="21">
<kw name="Log To Console" library="BuiltIn" type="SETUP">
<arg>\n===== INICIO DOS TESTES ======</arg>
<doc>Logs the given message to the console.</doc>
<status status="PASS" starttime="20221230 17:26:40.373" endtime="20221230 17:26:40.376"/>
</kw>
<kw name="Setup chromedriver">
<kw name="Set Environment Variable" library="OperatingSystem">
<arg>webdriver.Chrome.driver</arg>
<arg>E:\qa\drivers\chromedriver.exe</arg>
<doc>Sets an environment variable to a specified value.</doc>
<msg timestamp="20221230 17:26:40.379" level="INFO">Environment variable 'webdriver.Chrome.driver' set to value 'E:qadriverschromedriver.exe'.</msg>
<status status="PASS" starttime="20221230 17:26:40.378" endtime="20221230 17:26:40.385"/>
</kw>
<status status="PASS" starttime="20221230 17:26:40.377" endtime="20221230 17:26:40.385"/>
</kw>
<kw name="Dado que estou usando o Chrome e acesso o site https://www.google.com.br">
<kw name="Open Browser" library="Selenium2Library">
<arg>${url}</arg>
<arg>${browser}</arg>
<doc>Opens a new browser instance to the optional ``url``.</doc>
<msg timestamp="20221230 17:26:40.388" level="INFO">Opening browser 'googlechrome' to base url 'https://www.google.com.br'.</msg>
<msg timestamp="20221230 17:26:44.326" level="INFO">Cannot capture screenshot because no browser is open.</msg>
<msg timestamp="20221230 17:26:44.326" level="FAIL">SessionNotCreatedException: Message: session not created: This version of ChromeDriver only supports Chrome version 105
Current browser version is 108.0.5359.125 with binary path C:\Program Files\Google\Chrome\Application\chrome.exe
Stacktrace:
Backtrace:
	Ordinal0 [0x0082DF13+2219795]
	Ordinal0 [0x007C2841+1779777]
	Ordinal0 [0x006D423D+803389]
	Ordinal0 [0x006F64AC+943276]
	Ordinal0 [0x006F19F0+924144]
	Ordinal0 [0x006EF179+913785]
	Ordinal0 [0x007236B9+1128121]
	Ordinal0 [0x0072331A+1127194]
	Ordinal0 [0x0071E616+1107478]
	Ordinal0 [0x006F7F89+950153]
	Ordinal0 [0x006F8F56+954198]
	GetHandleVerifier [0x00B22CB2+3040210]
	GetHandleVerifier [0x00B12BB4+2974420]
	GetHandleVerifier [0x008C6A0A+565546]
	GetHandleVerifier [0x008C5680+560544]
	Ordinal0 [0x007C9A5C+1808988]
	Ordinal0 [0x007CE3A8+1827752]
	Ordinal0 [0x007CE495+1827989]
	Ordinal0 [0x007D80A4+1867940]
	BaseThreadInitThunk [0x758100F9+25]
	RtlGetAppContainerNamedObjectPath [0x773C7BBE+286]
	RtlGetAppContainerNamedObjectPath [0x773C7B8E+238]
</msg>
<status status="FAIL" starttime="20221230 17:26:40.387" endtime="20221230 17:26:44.331"/>
</kw>
<kw name="Log To Console" library="BuiltIn">
<arg>Abrir a pagina no navegador</arg>
<doc>Logs the given message to the console.</doc>
<status status="NOT RUN" starttime="20221230 17:26:44.332" endtime="20221230 17:26:44.332"/>
</kw>
<status status="FAIL" starttime="20221230 17:26:40.387" endtime="20221230 17:26:44.332"/>
</kw>
<kw name="E pesquiso pelo termo deck de magic arena">
<status status="NOT RUN" starttime="20221230 17:26:44.334" endtime="20221230 17:26:44.335"/>
</kw>
<kw name="Entao verifico se no titulo da guia contem &quot;teste&quot;" sourcename="Entao verifico se no titulo da guia contem &quot;${query}&quot;">
<status status="NOT RUN" starttime="20221230 17:26:44.336" endtime="20221230 17:26:44.336"/>
</kw>
<kw name="Encerrar browser" type="TEARDOWN">
<kw name="Sleep" library="BuiltIn">
<arg>4000ms</arg>
<doc>Pauses the test executed for the given time.</doc>
<msg timestamp="20221230 17:26:48.338" level="INFO">Slept 4 seconds</msg>
<status status="PASS" starttime="20221230 17:26:44.337" endtime="20221230 17:26:48.338"/>
</kw>
<kw name="Close Browser" library="Selenium2Library">
<doc>Closes the current browser.</doc>
<status status="PASS" starttime="20221230 17:26:48.338" endtime="20221230 17:26:48.338"/>
</kw>
<status status="PASS" starttime="20221230 17:26:44.337" endtime="20221230 17:26:48.339"/>
</kw>
<tag>smoketest, rapido</tag>
<status status="FAIL" starttime="20221230 17:26:40.372" endtime="20221230 17:26:48.339">SessionNotCreatedException: Message: session not created: This version of ChromeDriver only supports Chrome version 105
Current browser version is 108.0.5359.125 with binary path C:\Program Files\Google\Chrome\Application\chrome.exe
Stacktrace:
Backtrace:
	Ordinal0 [0x0082DF13+2219795]
	Ordinal0 [0x007C2841+1779777]
	Ordinal0 [0x006D423D+803389]
	Ordinal0 [0x006F64AC+943276]
	Ordinal0 [0x006F19F0+924144]
	Ordinal0 [0x006EF179+913785]
	Ordinal0 [0x007236B9+1128121]
	Ordinal0 [0x0072331A+1127194]
	Ordinal0 [0x0071E616+1107478]
	Ordinal0 [0x006F7F89+950153]
	Ordinal0 [0x006F8F56+954198]
	GetHandleVerifier [0x00B22CB2+3040210]
	GetHandleVerifier [0x00B12BB4+2974420]
	GetHandleVerifier [0x008C6A0A+565546]
	GetHandleVerifier [0x008C5680+560544]
	Ordinal0 [0x007C9A5C+1808988]
	Ordinal0 [0x007CE3A8+1827752]
	Ordinal0 [0x007CE495+1827989]
	Ordinal0 [0x007D80A4+1867940]
	BaseThreadInitThunk [0x758100F9+25]
	RtlGetAppContainerNamedObjectPath [0x773C7BBE+286]
	RtlGetAppContainerNamedObjectPath [0x773C7B8E+238]
</status>
</test>
<doc>Teste de consulta no buscador Google
Abre o navegador
E realiza a consulta com a biblioteca do Selenium
smoketest e um teste pra garantir o funcionamento minimo
ESTE ARQUIVO NAO ESTA APLICANDO O CONCEITO DE PAGE OBJECTS</doc>
<status status="FAIL" starttime="20221230 17:26:39.586" endtime="20221230 17:26:48.345"/>
</suite>
<statistics>
<total>
<stat pass="0" fail="1" skip="0">All Tests</stat>
</total>
<tag>
<stat pass="0" fail="1" skip="0">smoketest, rapido</stat>
</tag>
<suite>
<stat pass="0" fail="1" skip="0" id="s1" name="STA chrome">STA chrome</stat>
</suite>
</statistics>
<errors>
</errors>
</robot>
